[2026-05-27 00:27:40] OAuth complete. Token saved to /Users/master/.consulting24_blogger_token.json
[2026-05-27 00:28:03] Connected to blog: Consulting24 - Panama, Lithuania and Canada crypto license (https://consultinglegalnews.blogspot.com/)
[2026-05-27 00:28:03] [dry-run] would publish 'Crypto License in Panama 2026: The Complete Setup Guide' (16434 chars, 3 labels)
[2026-05-27 00:28:03] [dry-run] would publish 'Panama vs Lithuania for a Crypto License: Which Should You Choose in 2026?' (15553 chars, 4 labels)
[2026-05-27 00:28:03] [dry-run] would publish 'How Much Does a Panama Crypto Company Cost in 2026? Full Breakdown' (15459 chars, 3 labels)
[2026-05-27 00:28:03] [dry-run] would publish 'Panama Crypto License Requirements: The 2026 Documentation Checklist' (15159 chars, 3 labels)
[2026-05-27 00:28:03] [dry-run] would publish 'Setting Up a Crypto Exchange in Panama: License, Structure and Banking' (15320 chars, 3 labels)
[2026-05-27 00:28:09] Connected to blog: Consulting24 - Panama, Lithuania and Canada crypto license (https://consultinglegalnews.blogspot.com/)
[2026-05-27 00:28:10] Published: Crypto License in Panama 2026: The Complete Setup Guide → https://consultinglegalnews.blogspot.com/2026/05/crypto-license-in-panama-2026-complete.html
[2026-05-27 00:28:11] Published: Panama vs Lithuania for a Crypto License: Which Should You Choose in 2026? → https://consultinglegalnews.blogspot.com/2026/05/panama-vs-lithuania-for-crypto-license.html
[2026-05-27 00:28:12] Published: How Much Does a Panama Crypto Company Cost in 2026? Full Breakdown → https://consultinglegalnews.blogspot.com/2026/05/how-much-does-panama-crypto-company.html
[2026-05-27 00:28:12] Published: Panama Crypto License Requirements: The 2026 Documentation Checklist → https://consultinglegalnews.blogspot.com/2026/05/panama-crypto-license-requirements-2026.html
[2026-05-27 00:28:13] Published: Setting Up a Crypto Exchange in Panama: License, Structure and Banking → https://consultinglegalnews.blogspot.com/2026/05/setting-up-crypto-exchange-in-panama.html
[2026-05-27 00:34:59] Connected to blog: Consulting24 - Panama, Lithuania and Canada crypto license (https://consultinglegalnews.blogspot.com/)
[2026-05-27 00:34:59] [dry-run] would publish PAGE 'Crypto License in Panama: Cost, Requirements & Setup (2026)' (19159 chars)
[2026-05-27 00:34:59] [dry-run] would publish PAGE 'Crypto Exchange License: How and Where to Get One in 2026' (19080 chars)
[2026-05-27 00:34:59] [dry-run] would publish PAGE 'Crypto License Cost by Jurisdiction: 2026 Comparison' (18861 chars)
[2026-05-27 00:34:59] [dry-run] would publish PAGE 'Best Country for a Crypto License in 2026: Jurisdiction Guide' (19119 chars)
[2026-05-27 00:34:59] [dry-run] would publish PAGE 'How to Get a Crypto License: Step-by-Step Guide (2026)' (19308 chars)
[2026-05-27 00:35:04] Connected to blog: Consulting24 - Panama, Lithuania and Canada crypto license (https://consultinglegalnews.blogspot.com/)
[2026-05-27 00:35:05] Published PAGE: Crypto License in Panama: Cost, Requirements & Setup (2026) → https://consultinglegalnews.blogspot.com/p/crypto-license-in-panama-cost.html
[2026-05-27 00:35:06] Published PAGE: Crypto Exchange License: How and Where to Get One in 2026 → https://consultinglegalnews.blogspot.com/p/crypto-exchange-license-how-and-where.html
[2026-05-27 00:35:07] Published PAGE: Crypto License Cost by Jurisdiction: 2026 Comparison → https://consultinglegalnews.blogspot.com/p/crypto-license-cost-by-jurisdiction.html
[2026-05-27 00:35:07] Published PAGE: Best Country for a Crypto License in 2026: Jurisdiction Guide → https://consultinglegalnews.blogspot.com/p/best-country-for-crypto-license-in-2026.html
[2026-05-27 00:35:08] Published PAGE: How to Get a Crypto License: Step-by-Step Guide (2026) → https://consultinglegalnews.blogspot.com/p/how-to-get-crypto-license-step-by-step.html
[2026-05-28 01:07:18] Connected to blog: Crypto License Guide 2026 — Panama, Lithuania, Dubai &amp; More | Consulting24 (https://blog.consulting24.co/)
[2026-05-28 01:07:18] [dry-run] would publish 'Panama's Territorial Tax System: What It Means for a Crypto Business' (22931 chars, 3 labels)
[2026-05-28 01:07:18] [dry-run] would publish 'Panama Private Interest Foundation: The Crypto Treasury Structure Explained' (22775 chars, 4 labels)
[2026-05-28 01:07:18] [dry-run] would publish 'Banking a Panama Crypto Company in 2026: How to Get Approved' (22731 chars, 3 labels)
[2026-05-28 01:07:18] [dry-run] would publish 'Lithuania Crypto License 2026: Cost, Requirements and Timeline' (23376 chars, 3 labels)
[2026-05-28 01:07:18] [dry-run] would publish 'How Much Does a Lithuania Crypto License Cost in 2026?' (22966 chars, 3 labels)
[2026-05-28 13:28:05] Connected to blog: Crypto License Guide 2026 — Panama, Lithuania, Dubai &amp; More | Consulting24 (https://blog.consulting24.co/)
[2026-05-28 13:28:06] Published: Panama's Territorial Tax System: What It Means for a Crypto Business → https://blog.consulting24.co/2026/05/panamas-territorial-tax-system-what-it.html
[2026-05-28 13:28:07] Published: Panama Private Interest Foundation: The Crypto Treasury Structure Explained → https://blog.consulting24.co/2026/05/panama-private-interest-foundation.html
[2026-05-28 13:28:08] Published: Banking a Panama Crypto Company in 2026: How to Get Approved → https://blog.consulting24.co/2026/05/banking-panama-crypto-company-in-2026.html
[2026-05-28 13:28:09] Published: Lithuania Crypto License 2026: Cost, Requirements and Timeline → https://blog.consulting24.co/2026/05/lithuania-crypto-license-2026-cost.html
[2026-05-28 13:28:10] Published: How Much Does a Lithuania Crypto License Cost in 2026? → https://blog.consulting24.co/2026/05/how-much-does-lithuania-crypto-license.html
[2026-05-28 13:50:02] Connected to blog: Crypto License Guide 2026 — Panama, Lithuania, Dubai &amp; More | Consulting24 (https://blog.consulting24.co/)
[2026-05-28 13:50:02] No pages to publish — all pillar pages already published.
[2026-05-28 21:30:03] Connected to blog: Crypto License Guide 2026 — Panama, Lithuania, Dubai &amp; More | Consulting24 (https://blog.consulting24.co/)
[2026-05-28 21:30:03] No pages to publish — all pillar pages already published.
[2026-05-28 21:30:04] Connected to blog: Crypto License Guide 2026 — Panama, Lithuania, Dubai &amp; More | Consulting24 (https://blog.consulting24.co/)
[2026-05-28 21:30:04] Published: Lithuania Crypto License Requirements: 2026 Checklist → https://blog.consulting24.co/2026/05/lithuania-crypto-license-requirements.html
[2026-05-28 21:30:05] Published: Lithuania vs Panama for a Crypto License: Which Should You Choose? → https://blog.consulting24.co/2026/05/lithuania-vs-panama-for-crypto-license.html
[2026-05-28 21:30:06] Published: Dubai (VARA) Crypto License 2026: Cost, Requirements and Timeline → https://blog.consulting24.co/2026/05/dubai-vara-crypto-license-2026-cost.html
[2026-05-28 21:30:07] Published: How Much Does a Dubai (VARA) Crypto License Cost in 2026? → https://blog.consulting24.co/2026/05/how-much-does-dubai-vara-crypto-license.html
[2026-05-28 21:30:08] Published: Dubai (VARA) Crypto License Requirements: 2026 Checklist → https://blog.consulting24.co/2026/05/dubai-vara-crypto-license-requirements.html
[2026-05-29 00:09:15] Connected to blog: Crypto License Guide 2026 — Panama, Lithuania, Dubai &amp; More | Consulting24 (https://blog.consulting24.co/)
[2026-05-29 00:09:16] Published: Dubai (VARA) vs Panama for a Crypto License: Which Should You Choose? → https://blog.consulting24.co/2026/05/dubai-vara-vs-panama-for-crypto-license.html
[2026-05-29 00:09:16] Published: Canada (MSB) Crypto License 2026: Cost, Requirements and Timeline → https://blog.consulting24.co/2026/05/canada-msb-crypto-license-2026-cost.html
[2026-05-29 00:09:17] Published: How Much Does a Canada (MSB) Crypto License Cost in 2026? → https://blog.consulting24.co/2026/05/how-much-does-canada-msb-crypto-license.html
[2026-05-29 00:09:18] Published: Canada (MSB) Crypto License Requirements: 2026 Checklist → https://blog.consulting24.co/2026/05/canada-msb-crypto-license-requirements.html
[2026-05-29 00:09:19] Published: Canada (MSB) vs Panama for a Crypto License: Which Should You Choose? → https://blog.consulting24.co/2026/05/canada-msb-vs-panama-for-crypto-license.html
[2026-05-29 00:09:19] ERROR publishing bvi-crypto-license-2026-guide: <HttpError 429 when requesting https://blogger.googleapis.com/v3/blogs/6813733584028978733/posts?isDraft=false&alt=json returned "Resource has been exhausted (e.g. check quota).". Details: "[{'message': 'Resource has been exhausted (e.g. check quota).', 'domain': 'global', 'reason': 'rateLimitExceeded'}]">
[2026-05-29 00:09:19] Traceback (most recent call last):
  File "/Users/master/panama-crypto-license/scripts/consulting24_blog.py", line 1682, in main
    resp = insert_post(blogger, blog_id, topic, args.dry_run)
  File "/Users/master/panama-crypto-license/scripts/consulting24_blog.py", line 1577, in insert_post
    resp = blogger.posts().insert(blogId=blog_id, body=body, isDraft=False).execute()
  File "/Users/master/Library/Python/3.9/lib/python/site-packages/googleapiclient/_helpers.py", line 130, in positional_wrapper
    return wrapped(*args, **kwargs)
  File "/Users/master/Library/Python/3.9/lib/python/site-packages/googleapiclient/http.py", line 938, in execute
    raise HttpError(resp, content, uri=self.uri)
googleapiclient.errors.HttpError: <HttpError 429 when requesting https://blogger.googleapis.com/v3/blogs/6813733584028978733/posts?isDraft=false&alt=json returned "Resource has been exhausted (e.g. check quota).". Details: "[{'message': 'Resource has been exhausted (e.g. check quota).', 'domain': 'global', 'reason': 'rateLimitExceeded'}]">

[2026-05-29 00:09:19] ERROR publishing bvi-crypto-license-cost: <HttpError 429 when requesting https://blogger.googleapis.com/v3/blogs/6813733584028978733/posts?isDraft=false&alt=json returned "Resource has been exhausted (e.g. check quota).". Details: "[{'message': 'Resource has been exhausted (e.g. check quota).', 'domain': 'global', 'reason': 'rateLimitExceeded'}]">
[2026-05-29 00:09:19] Traceback (most recent call last):
  File "/Users/master/panama-crypto-license/scripts/consulting24_blog.py", line 1682, in main
    resp = insert_post(blogger, blog_id, topic, args.dry_run)
  File "/Users/master/panama-crypto-license/scripts/consulting24_blog.py", line 1577, in insert_post
    resp = blogger.posts().insert(blogId=blog_id, body=body, isDraft=False).execute()
  File "/Users/master/Library/Python/3.9/lib/python/site-packages/googleapiclient/_helpers.py", line 130, in positional_wrapper
    return wrapped(*args, **kwargs)
  File "/Users/master/Library/Python/3.9/lib/python/site-packages/googleapiclient/http.py", line 938, in execute
    raise HttpError(resp, content, uri=self.uri)
googleapiclient.errors.HttpError: <HttpError 429 when requesting https://blogger.googleapis.com/v3/blogs/6813733584028978733/posts?isDraft=false&alt=json returned "Resource has been exhausted (e.g. check quota).". Details: "[{'message': 'Resource has been exhausted (e.g. check quota).', 'domain': 'global', 'reason': 'rateLimitExceeded'}]">

[2026-05-29 00:09:19] ERROR publishing bvi-crypto-license-requirements: <HttpError 429 when requesting https://blogger.googleapis.com/v3/blogs/6813733584028978733/posts?isDraft=false&alt=json returned "Resource has been exhausted (e.g. check quota).". Details: "[{'message': 'Resource has been exhausted (e.g. check quota).', 'domain': 'global', 'reason': 'rateLimitExceeded'}]">
[2026-05-29 00:09:19] Traceback (most recent call last):
  File "/Users/master/panama-crypto-license/scripts/consulting24_blog.py", line 1682, in main
    resp = insert_post(blogger, blog_id, topic, args.dry_run)
  File "/Users/master/panama-crypto-license/scripts/consulting24_blog.py", line 1577, in insert_post
    resp = blogger.posts().insert(blogId=blog_id, body=body, isDraft=False).execute()
  File "/Users/master/Library/Python/3.9/lib/python/site-packages/googleapiclient/_helpers.py", line 130, in positional_wrapper
    return wrapped(*args, **kwargs)
  File "/Users/master/Library/Python/3.9/lib/python/site-packages/googleapiclient/http.py", line 938, in execute
    raise HttpError(resp, content, uri=self.uri)
googleapiclient.errors.HttpError: <HttpError 429 when requesting https://blogger.googleapis.com/v3/blogs/6813733584028978733/posts?isDraft=false&alt=json returned "Resource has been exhausted (e.g. check quota).". Details: "[{'message': 'Resource has been exhausted (e.g. check quota).', 'domain': 'global', 'reason': 'rateLimitExceeded'}]">

[2026-05-29 00:09:20] ERROR publishing bvi-vs-panama-crypto-license: <HttpError 429 when requesting https://blogger.googleapis.com/v3/blogs/6813733584028978733/posts?isDraft=false&alt=json returned "Resource has been exhausted (e.g. check quota).". Details: "[{'message': 'Resource has been exhausted (e.g. check quota).', 'domain': 'global', 'reason': 'rateLimitExceeded'}]">
[2026-05-29 00:09:20] Traceback (most recent call last):
  File "/Users/master/panama-crypto-license/scripts/consulting24_blog.py", line 1682, in main
    resp = insert_post(blogger, blog_id, topic, args.dry_run)
  File "/Users/master/panama-crypto-license/scripts/consulting24_blog.py", line 1577, in insert_post
    resp = blogger.posts().insert(blogId=blog_id, body=body, isDraft=False).execute()
  File "/Users/master/Library/Python/3.9/lib/python/site-packages/googleapiclient/_helpers.py", line 130, in positional_wrapper
    return wrapped(*args, **kwargs)
  File "/Users/master/Library/Python/3.9/lib/python/site-packages/googleapiclient/http.py", line 938, in execute
    raise HttpError(resp, content, uri=self.uri)
googleapiclient.errors.HttpError: <HttpError 429 when requesting https://blogger.googleapis.com/v3/blogs/6813733584028978733/posts?isDraft=false&alt=json returned "Resource has been exhausted (e.g. check quota).". Details: "[{'message': 'Resource has been exhausted (e.g. check quota).', 'domain': 'global', 'reason': 'rateLimitExceeded'}]">

[2026-05-29 00:09:20] ERROR publishing estonia-crypto-license-2026-guide: <HttpError 429 when requesting https://blogger.googleapis.com/v3/blogs/6813733584028978733/posts?isDraft=false&alt=json returned "Resource has been exhausted (e.g. check quota).". Details: "[{'message': 'Resource has been exhausted (e.g. check quota).', 'domain': 'global', 'reason': 'rateLimitExceeded'}]">
[2026-05-29 00:09:20] Traceback (most recent call last):
  File "/Users/master/panama-crypto-license/scripts/consulting24_blog.py", line 1682, in main
    resp = insert_post(blogger, blog_id, topic, args.dry_run)
  File "/Users/master/panama-crypto-license/scripts/consulting24_blog.py", line 1577, in insert_post
    resp = blogger.posts().insert(blogId=blog_id, body=body, isDraft=False).execute()
  File "/Users/master/Library/Python/3.9/lib/python/site-packages/googleapiclient/_helpers.py", line 130, in positional_wrapper
    return wrapped(*args, **kwargs)
  File "/Users/master/Library/Python/3.9/lib/python/site-packages/googleapiclient/http.py", line 938, in execute
    raise HttpError(resp, content, uri=self.uri)
googleapiclient.errors.HttpError: <HttpError 429 when requesting https://blogger.googleapis.com/v3/blogs/6813733584028978733/posts?isDraft=false&alt=json returned "Resource has been exhausted (e.g. check quota).". Details: "[{'message': 'Resource has been exhausted (e.g. check quota).', 'domain': 'global', 'reason': 'rateLimitExceeded'}]">

[2026-05-29 00:09:20] ERROR publishing estonia-crypto-license-cost: <HttpError 429 when requesting https://blogger.googleapis.com/v3/blogs/6813733584028978733/posts?isDraft=false&alt=json returned "Resource has been exhausted (e.g. check quota).". Details: "[{'message': 'Resource has been exhausted (e.g. check quota).', 'domain': 'global', 'reason': 'rateLimitExceeded'}]">
[2026-05-29 00:09:20] Traceback (most recent call last):
  File "/Users/master/panama-crypto-license/scripts/consulting24_blog.py", line 1682, in main
    resp = insert_post(blogger, blog_id, topic, args.dry_run)
  File "/Users/master/panama-crypto-license/scripts/consulting24_blog.py", line 1577, in insert_post
    resp = blogger.posts().insert(blogId=blog_id, body=body, isDraft=False).execute()
  File "/Users/master/Library/Python/3.9/lib/python/site-packages/googleapiclient/_helpers.py", line 130, in positional_wrapper
    return wrapped(*args, **kwargs)
  File "/Users/master/Library/Python/3.9/lib/python/site-packages/googleapiclient/http.py", line 938, in execute
    raise HttpError(resp, content, uri=self.uri)
googleapiclient.errors.HttpError: <HttpError 429 when requesting https://blogger.googleapis.com/v3/blogs/6813733584028978733/posts?isDraft=false&alt=json returned "Resource has been exhausted (e.g. check quota).". Details: "[{'message': 'Resource has been exhausted (e.g. check quota).', 'domain': 'global', 'reason': 'rateLimitExceeded'}]">

[2026-05-29 00:09:21] ERROR publishing estonia-crypto-license-requirements: <HttpError 429 when requesting https://blogger.googleapis.com/v3/blogs/6813733584028978733/posts?isDraft=false&alt=json returned "Resource has been exhausted (e.g. check quota).". Details: "[{'message': 'Resource has been exhausted (e.g. check quota).', 'domain': 'global', 'reason': 'rateLimitExceeded'}]">
[2026-05-29 00:09:21] Traceback (most recent call last):
  File "/Users/master/panama-crypto-license/scripts/consulting24_blog.py", line 1682, in main
    resp = insert_post(blogger, blog_id, topic, args.dry_run)
  File "/Users/master/panama-crypto-license/scripts/consulting24_blog.py", line 1577, in insert_post
    resp = blogger.posts().insert(blogId=blog_id, body=body, isDraft=False).execute()
  File "/Users/master/Library/Python/3.9/lib/python/site-packages/googleapiclient/_helpers.py", line 130, in positional_wrapper
    return wrapped(*args, **kwargs)
  File "/Users/master/Library/Python/3.9/lib/python/site-packages/googleapiclient/http.py", line 938, in execute
    raise HttpError(resp, content, uri=self.uri)
googleapiclient.errors.HttpError: <HttpError 429 when requesting https://blogger.googleapis.com/v3/blogs/6813733584028978733/posts?isDraft=false&alt=json returned "Resource has been exhausted (e.g. check quota).". Details: "[{'message': 'Resource has been exhausted (e.g. check quota).', 'domain': 'global', 'reason': 'rateLimitExceeded'}]">

[2026-05-29 00:09:21] ERROR publishing estonia-vs-panama-crypto-license: <HttpError 429 when requesting https://blogger.googleapis.com/v3/blogs/6813733584028978733/posts?isDraft=false&alt=json returned "Resource has been exhausted (e.g. check quota).". Details: "[{'message': 'Resource has been exhausted (e.g. check quota).', 'domain': 'global', 'reason': 'rateLimitExceeded'}]">
[2026-05-29 00:09:21] Traceback (most recent call last):
  File "/Users/master/panama-crypto-license/scripts/consulting24_blog.py", line 1682, in main
    resp = insert_post(blogger, blog_id, topic, args.dry_run)
  File "/Users/master/panama-crypto-license/scripts/consulting24_blog.py", line 1577, in insert_post
    resp = blogger.posts().insert(blogId=blog_id, body=body, isDraft=False).execute()
  File "/Users/master/Library/Python/3.9/lib/python/site-packages/googleapiclient/_helpers.py", line 130, in positional_wrapper
    return wrapped(*args, **kwargs)
  File "/Users/master/Library/Python/3.9/lib/python/site-packages/googleapiclient/http.py", line 938, in execute
    raise HttpError(resp, content, uri=self.uri)
googleapiclient.errors.HttpError: <HttpError 429 when requesting https://blogger.googleapis.com/v3/blogs/6813733584028978733/posts?isDraft=false&alt=json returned "Resource has been exhausted (e.g. check quota).". Details: "[{'message': 'Resource has been exhausted (e.g. check quota).', 'domain': 'global', 'reason': 'rateLimitExceeded'}]">

[2026-05-29 00:09:21] ERROR publishing el-salvador-crypto-license-2026-guide: <HttpError 429 when requesting https://blogger.googleapis.com/v3/blogs/6813733584028978733/posts?isDraft=false&alt=json returned "Resource has been exhausted (e.g. check quota).". Details: "[{'message': 'Resource has been exhausted (e.g. check quota).', 'domain': 'global', 'reason': 'rateLimitExceeded'}]">
[2026-05-29 00:09:21] Traceback (most recent call last):
  File "/Users/master/panama-crypto-license/scripts/consulting24_blog.py", line 1682, in main
    resp = insert_post(blogger, blog_id, topic, args.dry_run)
  File "/Users/master/panama-crypto-license/scripts/consulting24_blog.py", line 1577, in insert_post
    resp = blogger.posts().insert(blogId=blog_id, body=body, isDraft=False).execute()
  File "/Users/master/Library/Python/3.9/lib/python/site-packages/googleapiclient/_helpers.py", line 130, in positional_wrapper
    return wrapped(*args, **kwargs)
  File "/Users/master/Library/Python/3.9/lib/python/site-packages/googleapiclient/http.py", line 938, in execute
    raise HttpError(resp, content, uri=self.uri)
googleapiclient.errors.HttpError: <HttpError 429 when requesting https://blogger.googleapis.com/v3/blogs/6813733584028978733/posts?isDraft=false&alt=json returned "Resource has been exhausted (e.g. check quota).". Details: "[{'message': 'Resource has been exhausted (e.g. check quota).', 'domain': 'global', 'reason': 'rateLimitExceeded'}]">

[2026-05-29 00:09:22] ERROR publishing el-salvador-crypto-license-cost: <HttpError 429 when requesting https://blogger.googleapis.com/v3/blogs/6813733584028978733/posts?isDraft=false&alt=json returned "Resource has been exhausted (e.g. check quota).". Details: "[{'message': 'Resource has been exhausted (e.g. check quota).', 'domain': 'global', 'reason': 'rateLimitExceeded'}]">
[2026-05-29 00:09:22] Traceback (most recent call last):
  File "/Users/master/panama-crypto-license/scripts/consulting24_blog.py", line 1682, in main
    resp = insert_post(blogger, blog_id, topic, args.dry_run)
  File "/Users/master/panama-crypto-license/scripts/consulting24_blog.py", line 1577, in insert_post
    resp = blogger.posts().insert(blogId=blog_id, body=body, isDraft=False).execute()
  File "/Users/master/Library/Python/3.9/lib/python/site-packages/googleapiclient/_helpers.py", line 130, in positional_wrapper
    return wrapped(*args, **kwargs)
  File "/Users/master/Library/Python/3.9/lib/python/site-packages/googleapiclient/http.py", line 938, in execute
    raise HttpError(resp, content, uri=self.uri)
googleapiclient.errors.HttpError: <HttpError 429 when requesting https://blogger.googleapis.com/v3/blogs/6813733584028978733/posts?isDraft=false&alt=json returned "Resource has been exhausted (e.g. check quota).". Details: "[{'message': 'Resource has been exhausted (e.g. check quota).', 'domain': 'global', 'reason': 'rateLimitExceeded'}]">

[2026-05-29 00:09:22] ERROR publishing el-salvador-crypto-license-requirements: <HttpError 429 when requesting https://blogger.googleapis.com/v3/blogs/6813733584028978733/posts?isDraft=false&alt=json returned "Resource has been exhausted (e.g. check quota).". Details: "[{'message': 'Resource has been exhausted (e.g. check quota).', 'domain': 'global', 'reason': 'rateLimitExceeded'}]">
[2026-05-29 00:09:22] Traceback (most recent call last):
  File "/Users/master/panama-crypto-license/scripts/consulting24_blog.py", line 1682, in main
    resp = insert_post(blogger, blog_id, topic, args.dry_run)
  File "/Users/master/panama-crypto-license/scripts/consulting24_blog.py", line 1577, in insert_post
    resp = blogger.posts().insert(blogId=blog_id, body=body, isDraft=False).execute()
  File "/Users/master/Library/Python/3.9/lib/python/site-packages/googleapiclient/_helpers.py", line 130, in positional_wrapper
    return wrapped(*args, **kwargs)
  File "/Users/master/Library/Python/3.9/lib/python/site-packages/googleapiclient/http.py", line 938, in execute
    raise HttpError(resp, content, uri=self.uri)
googleapiclient.errors.HttpError: <HttpError 429 when requesting https://blogger.googleapis.com/v3/blogs/6813733584028978733/posts?isDraft=false&alt=json returned "Resource has been exhausted (e.g. check quota).". Details: "[{'message': 'Resource has been exhausted (e.g. check quota).', 'domain': 'global', 'reason': 'rateLimitExceeded'}]">

[2026-05-29 00:09:23] ERROR publishing el-salvador-vs-panama-crypto-license: <HttpError 429 when requesting https://blogger.googleapis.com/v3/blogs/6813733584028978733/posts?isDraft=false&alt=json returned "Resource has been exhausted (e.g. check quota).". Details: "[{'message': 'Resource has been exhausted (e.g. check quota).', 'domain': 'global', 'reason': 'rateLimitExceeded'}]">
[2026-05-29 00:09:23] Traceback (most recent call last):
  File "/Users/master/panama-crypto-license/scripts/consulting24_blog.py", line 1682, in main
    resp = insert_post(blogger, blog_id, topic, args.dry_run)
  File "/Users/master/panama-crypto-license/scripts/consulting24_blog.py", line 1577, in insert_post
    resp = blogger.posts().insert(blogId=blog_id, body=body, isDraft=False).execute()
  File "/Users/master/Library/Python/3.9/lib/python/site-packages/googleapiclient/_helpers.py", line 130, in positional_wrapper
    return wrapped(*args, **kwargs)
  File "/Users/master/Library/Python/3.9/lib/python/site-packages/googleapiclient/http.py", line 938, in execute
    raise HttpError(resp, content, uri=self.uri)
googleapiclient.errors.HttpError: <HttpError 429 when requesting https://blogger.googleapis.com/v3/blogs/6813733584028978733/posts?isDraft=false&alt=json returned "Resource has been exhausted (e.g. check quota).". Details: "[{'message': 'Resource has been exhausted (e.g. check quota).', 'domain': 'global', 'reason': 'rateLimitExceeded'}]">

[2026-05-29 00:09:23] ERROR publishing switzerland-crypto-license-2026-guide: <HttpError 429 when requesting https://blogger.googleapis.com/v3/blogs/6813733584028978733/posts?isDraft=false&alt=json returned "Resource has been exhausted (e.g. check quota).". Details: "[{'message': 'Resource has been exhausted (e.g. check quota).', 'domain': 'global', 'reason': 'rateLimitExceeded'}]">
[2026-05-29 00:09:23] Traceback (most recent call last):
  File "/Users/master/panama-crypto-license/scripts/consulting24_blog.py", line 1682, in main
    resp = insert_post(blogger, blog_id, topic, args.dry_run)
  File "/Users/master/panama-crypto-license/scripts/consulting24_blog.py", line 1577, in insert_post
    resp = blogger.posts().insert(blogId=blog_id, body=body, isDraft=False).execute()
  File "/Users/master/Library/Python/3.9/lib/python/site-packages/googleapiclient/_helpers.py", line 130, in positional_wrapper
    return wrapped(*args, **kwargs)
  File "/Users/master/Library/Python/3.9/lib/python/site-packages/googleapiclient/http.py", line 938, in execute
    raise HttpError(resp, content, uri=self.uri)
googleapiclient.errors.HttpError: <HttpError 429 when requesting https://blogger.googleapis.com/v3/blogs/6813733584028978733/posts?isDraft=false&alt=json returned "Resource has been exhausted (e.g. check quota).". Details: "[{'message': 'Resource has been exhausted (e.g. check quota).', 'domain': 'global', 'reason': 'rateLimitExceeded'}]">

[2026-05-29 00:09:23] ERROR publishing switzerland-crypto-license-cost: <HttpError 429 when requesting https://blogger.googleapis.com/v3/blogs/6813733584028978733/posts?isDraft=false&alt=json returned "Resource has been exhausted (e.g. check quota).". Details: "[{'message': 'Resource has been exhausted (e.g. check quota).', 'domain': 'global', 'reason': 'rateLimitExceeded'}]">
[2026-05-29 00:09:23] Traceback (most recent call last):
  File "/Users/master/panama-crypto-license/scripts/consulting24_blog.py", line 1682, in main
    resp = insert_post(blogger, blog_id, topic, args.dry_run)
  File "/Users/master/panama-crypto-license/scripts/consulting24_blog.py", line 1577, in insert_post
    resp = blogger.posts().insert(blogId=blog_id, body=body, isDraft=False).execute()
  File "/Users/master/Library/Python/3.9/lib/python/site-packages/googleapiclient/_helpers.py", line 130, in positional_wrapper
    return wrapped(*args, **kwargs)
  File "/Users/master/Library/Python/3.9/lib/python/site-packages/googleapiclient/http.py", line 938, in execute
    raise HttpError(resp, content, uri=self.uri)
googleapiclient.errors.HttpError: <HttpError 429 when requesting https://blogger.googleapis.com/v3/blogs/6813733584028978733/posts?isDraft=false&alt=json returned "Resource has been exhausted (e.g. check quota).". Details: "[{'message': 'Resource has been exhausted (e.g. check quota).', 'domain': 'global', 'reason': 'rateLimitExceeded'}]">

[2026-05-29 00:09:24] ERROR publishing switzerland-crypto-license-requirements: <HttpError 429 when requesting https://blogger.googleapis.com/v3/blogs/6813733584028978733/posts?isDraft=false&alt=json returned "Resource has been exhausted (e.g. check quota).". Details: "[{'message': 'Resource has been exhausted (e.g. check quota).', 'domain': 'global', 'reason': 'rateLimitExceeded'}]">
[2026-05-29 00:09:24] Traceback (most recent call last):
  File "/Users/master/panama-crypto-license/scripts/consulting24_blog.py", line 1682, in main
    resp = insert_post(blogger, blog_id, topic, args.dry_run)
  File "/Users/master/panama-crypto-license/scripts/consulting24_blog.py", line 1577, in insert_post
    resp = blogger.posts().insert(blogId=blog_id, body=body, isDraft=False).execute()
  File "/Users/master/Library/Python/3.9/lib/python/site-packages/googleapiclient/_helpers.py", line 130, in positional_wrapper
    return wrapped(*args, **kwargs)
  File "/Users/master/Library/Python/3.9/lib/python/site-packages/googleapiclient/http.py", line 938, in execute
    raise HttpError(resp, content, uri=self.uri)
googleapiclient.errors.HttpError: <HttpError 429 when requesting https://blogger.googleapis.com/v3/blogs/6813733584028978733/posts?isDraft=false&alt=json returned "Resource has been exhausted (e.g. check quota).". Details: "[{'message': 'Resource has been exhausted (e.g. check quota).', 'domain': 'global', 'reason': 'rateLimitExceeded'}]">

[2026-05-29 00:09:24] ERROR publishing switzerland-vs-panama-crypto-license: <HttpError 429 when requesting https://blogger.googleapis.com/v3/blogs/6813733584028978733/posts?isDraft=false&alt=json returned "Resource has been exhausted (e.g. check quota).". Details: "[{'message': 'Resource has been exhausted (e.g. check quota).', 'domain': 'global', 'reason': 'rateLimitExceeded'}]">
[2026-05-29 00:09:24] Traceback (most recent call last):
  File "/Users/master/panama-crypto-license/scripts/consulting24_blog.py", line 1682, in main
    resp = insert_post(blogger, blog_id, topic, args.dry_run)
  File "/Users/master/panama-crypto-license/scripts/consulting24_blog.py", line 1577, in insert_post
    resp = blogger.posts().insert(blogId=blog_id, body=body, isDraft=False).execute()
  File "/Users/master/Library/Python/3.9/lib/python/site-packages/googleapiclient/_helpers.py", line 130, in positional_wrapper
    return wrapped(*args, **kwargs)
  File "/Users/master/Library/Python/3.9/lib/python/site-packages/googleapiclient/http.py", line 938, in execute
    raise HttpError(resp, content, uri=self.uri)
googleapiclient.errors.HttpError: <HttpError 429 when requesting https://blogger.googleapis.com/v3/blogs/6813733584028978733/posts?isDraft=false&alt=json returned "Resource has been exhausted (e.g. check quota).". Details: "[{'message': 'Resource has been exhausted (e.g. check quota).', 'domain': 'global', 'reason': 'rateLimitExceeded'}]">

[2026-05-29 00:09:25] ERROR publishing malta-crypto-license-2026-guide: <HttpError 429 when requesting https://blogger.googleapis.com/v3/blogs/6813733584028978733/posts?isDraft=false&alt=json returned "Resource has been exhausted (e.g. check quota).". Details: "[{'message': 'Resource has been exhausted (e.g. check quota).', 'domain': 'global', 'reason': 'rateLimitExceeded'}]">
[2026-05-29 00:09:25] Traceback (most recent call last):
  File "/Users/master/panama-crypto-license/scripts/consulting24_blog.py", line 1682, in main
    resp = insert_post(blogger, blog_id, topic, args.dry_run)
  File "/Users/master/panama-crypto-license/scripts/consulting24_blog.py", line 1577, in insert_post
    resp = blogger.posts().insert(blogId=blog_id, body=body, isDraft=False).execute()
  File "/Users/master/Library/Python/3.9/lib/python/site-packages/googleapiclient/_helpers.py", line 130, in positional_wrapper
    return wrapped(*args, **kwargs)
  File "/Users/master/Library/Python/3.9/lib/python/site-packages/googleapiclient/http.py", line 938, in execute
    raise HttpError(resp, content, uri=self.uri)
googleapiclient.errors.HttpError: <HttpError 429 when requesting https://blogger.googleapis.com/v3/blogs/6813733584028978733/posts?isDraft=false&alt=json returned "Resource has been exhausted (e.g. check quota).". Details: "[{'message': 'Resource has been exhausted (e.g. check quota).', 'domain': 'global', 'reason': 'rateLimitExceeded'}]">

[2026-05-29 00:09:25] ERROR publishing malta-crypto-license-cost: <HttpError 429 when requesting https://blogger.googleapis.com/v3/blogs/6813733584028978733/posts?isDraft=false&alt=json returned "Resource has been exhausted (e.g. check quota).". Details: "[{'message': 'Resource has been exhausted (e.g. check quota).', 'domain': 'global', 'reason': 'rateLimitExceeded'}]">
[2026-05-29 00:09:25] Traceback (most recent call last):
  File "/Users/master/panama-crypto-license/scripts/consulting24_blog.py", line 1682, in main
    resp = insert_post(blogger, blog_id, topic, args.dry_run)
  File "/Users/master/panama-crypto-license/scripts/consulting24_blog.py", line 1577, in insert_post
    resp = blogger.posts().insert(blogId=blog_id, body=body, isDraft=False).execute()
  File "/Users/master/Library/Python/3.9/lib/python/site-packages/googleapiclient/_helpers.py", line 130, in positional_wrapper
    return wrapped(*args, **kwargs)
  File "/Users/master/Library/Python/3.9/lib/python/site-packages/googleapiclient/http.py", line 938, in execute
    raise HttpError(resp, content, uri=self.uri)
googleapiclient.errors.HttpError: <HttpError 429 when requesting https://blogger.googleapis.com/v3/blogs/6813733584028978733/posts?isDraft=false&alt=json returned "Resource has been exhausted (e.g. check quota).". Details: "[{'message': 'Resource has been exhausted (e.g. check quota).', 'domain': 'global', 'reason': 'rateLimitExceeded'}]">

[2026-05-29 00:09:25] ERROR publishing malta-crypto-license-requirements: <HttpError 429 when requesting https://blogger.googleapis.com/v3/blogs/6813733584028978733/posts?isDraft=false&alt=json returned "Resource has been exhausted (e.g. check quota).". Details: "[{'message': 'Resource has been exhausted (e.g. check quota).', 'domain': 'global', 'reason': 'rateLimitExceeded'}]">
[2026-05-29 00:09:25] Traceback (most recent call last):
  File "/Users/master/panama-crypto-license/scripts/consulting24_blog.py", line 1682, in main
    resp = insert_post(blogger, blog_id, topic, args.dry_run)
  File "/Users/master/panama-crypto-license/scripts/consulting24_blog.py", line 1577, in insert_post
    resp = blogger.posts().insert(blogId=blog_id, body=body, isDraft=False).execute()
  File "/Users/master/Library/Python/3.9/lib/python/site-packages/googleapiclient/_helpers.py", line 130, in positional_wrapper
    return wrapped(*args, **kwargs)
  File "/Users/master/Library/Python/3.9/lib/python/site-packages/googleapiclient/http.py", line 938, in execute
    raise HttpError(resp, content, uri=self.uri)
googleapiclient.errors.HttpError: <HttpError 429 when requesting https://blogger.googleapis.com/v3/blogs/6813733584028978733/posts?isDraft=false&alt=json returned "Resource has been exhausted (e.g. check quota).". Details: "[{'message': 'Resource has been exhausted (e.g. check quota).', 'domain': 'global', 'reason': 'rateLimitExceeded'}]">

[2026-05-29 00:09:26] ERROR publishing malta-vs-panama-crypto-license: <HttpError 429 when requesting https://blogger.googleapis.com/v3/blogs/6813733584028978733/posts?isDraft=false&alt=json returned "Resource has been exhausted (e.g. check quota).". Details: "[{'message': 'Resource has been exhausted (e.g. check quota).', 'domain': 'global', 'reason': 'rateLimitExceeded'}]">
[2026-05-29 00:09:26] Traceback (most recent call last):
  File "/Users/master/panama-crypto-license/scripts/consulting24_blog.py", line 1682, in main
    resp = insert_post(blogger, blog_id, topic, args.dry_run)
  File "/Users/master/panama-crypto-license/scripts/consulting24_blog.py", line 1577, in insert_post
    resp = blogger.posts().insert(blogId=blog_id, body=body, isDraft=False).execute()
  File "/Users/master/Library/Python/3.9/lib/python/site-packages/googleapiclient/_helpers.py", line 130, in positional_wrapper
    return wrapped(*args, **kwargs)
  File "/Users/master/Library/Python/3.9/lib/python/site-packages/googleapiclient/http.py", line 938, in execute
    raise HttpError(resp, content, uri=self.uri)
googleapiclient.errors.HttpError: <HttpError 429 when requesting https://blogger.googleapis.com/v3/blogs/6813733584028978733/posts?isDraft=false&alt=json returned "Resource has been exhausted (e.g. check quota).". Details: "[{'message': 'Resource has been exhausted (e.g. check quota).', 'domain': 'global', 'reason': 'rateLimitExceeded'}]">

[2026-05-29 00:09:26] ERROR publishing cayman-crypto-license-2026-guide: <HttpError 429 when requesting https://blogger.googleapis.com/v3/blogs/6813733584028978733/posts?isDraft=false&alt=json returned "Resource has been exhausted (e.g. check quota).". Details: "[{'message': 'Resource has been exhausted (e.g. check quota).', 'domain': 'global', 'reason': 'rateLimitExceeded'}]">
[2026-05-29 00:09:26] Traceback (most recent call last):
  File "/Users/master/panama-crypto-license/scripts/consulting24_blog.py", line 1682, in main
    resp = insert_post(blogger, blog_id, topic, args.dry_run)
  File "/Users/master/panama-crypto-license/scripts/consulting24_blog.py", line 1577, in insert_post
    resp = blogger.posts().insert(blogId=blog_id, body=body, isDraft=False).execute()
  File "/Users/master/Library/Python/3.9/lib/python/site-packages/googleapiclient/_helpers.py", line 130, in positional_wrapper
    return wrapped(*args, **kwargs)
  File "/Users/master/Library/Python/3.9/lib/python/site-packages/googleapiclient/http.py", line 938, in execute
    raise HttpError(resp, content, uri=self.uri)
googleapiclient.errors.HttpError: <HttpError 429 when requesting https://blogger.googleapis.com/v3/blogs/6813733584028978733/posts?isDraft=false&alt=json returned "Resource has been exhausted (e.g. check quota).". Details: "[{'message': 'Resource has been exhausted (e.g. check quota).', 'domain': 'global', 'reason': 'rateLimitExceeded'}]">

[2026-05-29 00:09:27] ERROR publishing cayman-crypto-license-cost: <HttpError 429 when requesting https://blogger.googleapis.com/v3/blogs/6813733584028978733/posts?isDraft=false&alt=json returned "Resource has been exhausted (e.g. check quota).". Details: "[{'message': 'Resource has been exhausted (e.g. check quota).', 'domain': 'global', 'reason': 'rateLimitExceeded'}]">
[2026-05-29 00:09:27] Traceback (most recent call last):
  File "/Users/master/panama-crypto-license/scripts/consulting24_blog.py", line 1682, in main
    resp = insert_post(blogger, blog_id, topic, args.dry_run)
  File "/Users/master/panama-crypto-license/scripts/consulting24_blog.py", line 1577, in insert_post
    resp = blogger.posts().insert(blogId=blog_id, body=body, isDraft=False).execute()
  File "/Users/master/Library/Python/3.9/lib/python/site-packages/googleapiclient/_helpers.py", line 130, in positional_wrapper
    return wrapped(*args, **kwargs)
  File "/Users/master/Library/Python/3.9/lib/python/site-packages/googleapiclient/http.py", line 938, in execute
    raise HttpError(resp, content, uri=self.uri)
googleapiclient.errors.HttpError: <HttpError 429 when requesting https://blogger.googleapis.com/v3/blogs/6813733584028978733/posts?isDraft=false&alt=json returned "Resource has been exhausted (e.g. check quota).". Details: "[{'message': 'Resource has been exhausted (e.g. check quota).', 'domain': 'global', 'reason': 'rateLimitExceeded'}]">

[2026-05-29 00:09:27] ERROR publishing cayman-crypto-license-requirements: <HttpError 429 when requesting https://blogger.googleapis.com/v3/blogs/6813733584028978733/posts?isDraft=false&alt=json returned "Resource has been exhausted (e.g. check quota).". Details: "[{'message': 'Resource has been exhausted (e.g. check quota).', 'domain': 'global', 'reason': 'rateLimitExceeded'}]">
[2026-05-29 00:09:27] Traceback (most recent call last):
  File "/Users/master/panama-crypto-license/scripts/consulting24_blog.py", line 1682, in main
    resp = insert_post(blogger, blog_id, topic, args.dry_run)
  File "/Users/master/panama-crypto-license/scripts/consulting24_blog.py", line 1577, in insert_post
    resp = blogger.posts().insert(blogId=blog_id, body=body, isDraft=False).execute()
  File "/Users/master/Library/Python/3.9/lib/python/site-packages/googleapiclient/_helpers.py", line 130, in positional_wrapper
    return wrapped(*args, **kwargs)
  File "/Users/master/Library/Python/3.9/lib/python/site-packages/googleapiclient/http.py", line 938, in execute
    raise HttpError(resp, content, uri=self.uri)
googleapiclient.errors.HttpError: <HttpError 429 when requesting https://blogger.googleapis.com/v3/blogs/6813733584028978733/posts?isDraft=false&alt=json returned "Resource has been exhausted (e.g. check quota).". Details: "[{'message': 'Resource has been exhausted (e.g. check quota).', 'domain': 'global', 'reason': 'rateLimitExceeded'}]">

[2026-05-29 00:09:28] ERROR publishing cayman-vs-panama-crypto-license: <HttpError 429 when requesting https://blogger.googleapis.com/v3/blogs/6813733584028978733/posts?isDraft=false&alt=json returned "Resource has been exhausted (e.g. check quota).". Details: "[{'message': 'Resource has been exhausted (e.g. check quota).', 'domain': 'global', 'reason': 'rateLimitExceeded'}]">
[2026-05-29 00:09:28] Traceback (most recent call last):
  File "/Users/master/panama-crypto-license/scripts/consulting24_blog.py", line 1682, in main
    resp = insert_post(blogger, blog_id, topic, args.dry_run)
  File "/Users/master/panama-crypto-license/scripts/consulting24_blog.py", line 1577, in insert_post
    resp = blogger.posts().insert(blogId=blog_id, body=body, isDraft=False).execute()
  File "/Users/master/Library/Python/3.9/lib/python/site-packages/googleapiclient/_helpers.py", line 130, in positional_wrapper
    return wrapped(*args, **kwargs)
  File "/Users/master/Library/Python/3.9/lib/python/site-packages/googleapiclient/http.py", line 938, in execute
    raise HttpError(resp, content, uri=self.uri)
googleapiclient.errors.HttpError: <HttpError 429 when requesting https://blogger.googleapis.com/v3/blogs/6813733584028978733/posts?isDraft=false&alt=json returned "Resource has been exhausted (e.g. check quota).". Details: "[{'message': 'Resource has been exhausted (e.g. check quota).', 'domain': 'global', 'reason': 'rateLimitExceeded'}]">

[2026-05-29 00:09:28] ERROR publishing czech-republic-crypto-license-2026-guide: <HttpError 429 when requesting https://blogger.googleapis.com/v3/blogs/6813733584028978733/posts?isDraft=false&alt=json returned "Resource has been exhausted (e.g. check quota).". Details: "[{'message': 'Resource has been exhausted (e.g. check quota).', 'domain': 'global', 'reason': 'rateLimitExceeded'}]">
[2026-05-29 00:09:28] Traceback (most recent call last):
  File "/Users/master/panama-crypto-license/scripts/consulting24_blog.py", line 1682, in main
    resp = insert_post(blogger, blog_id, topic, args.dry_run)
  File "/Users/master/panama-crypto-license/scripts/consulting24_blog.py", line 1577, in insert_post
    resp = blogger.posts().insert(blogId=blog_id, body=body, isDraft=False).execute()
  File "/Users/master/Library/Python/3.9/lib/python/site-packages/googleapiclient/_helpers.py", line 130, in positional_wrapper
    return wrapped(*args, **kwargs)
  File "/Users/master/Library/Python/3.9/lib/python/site-packages/googleapiclient/http.py", line 938, in execute
    raise HttpError(resp, content, uri=self.uri)
googleapiclient.errors.HttpError: <HttpError 429 when requesting https://blogger.googleapis.com/v3/blogs/6813733584028978733/posts?isDraft=false&alt=json returned "Resource has been exhausted (e.g. check quota).". Details: "[{'message': 'Resource has been exhausted (e.g. check quota).', 'domain': 'global', 'reason': 'rateLimitExceeded'}]">

[2026-05-29 00:09:28] ERROR publishing czech-republic-crypto-license-cost: <HttpError 429 when requesting https://blogger.googleapis.com/v3/blogs/6813733584028978733/posts?isDraft=false&alt=json returned "Resource has been exhausted (e.g. check quota).". Details: "[{'message': 'Resource has been exhausted (e.g. check quota).', 'domain': 'global', 'reason': 'rateLimitExceeded'}]">
[2026-05-29 00:09:28] Traceback (most recent call last):
  File "/Users/master/panama-crypto-license/scripts/consulting24_blog.py", line 1682, in main
    resp = insert_post(blogger, blog_id, topic, args.dry_run)
  File "/Users/master/panama-crypto-license/scripts/consulting24_blog.py", line 1577, in insert_post
    resp = blogger.posts().insert(blogId=blog_id, body=body, isDraft=False).execute()
  File "/Users/master/Library/Python/3.9/lib/python/site-packages/googleapiclient/_helpers.py", line 130, in positional_wrapper
    return wrapped(*args, **kwargs)
  File "/Users/master/Library/Python/3.9/lib/python/site-packages/googleapiclient/http.py", line 938, in execute
    raise HttpError(resp, content, uri=self.uri)
googleapiclient.errors.HttpError: <HttpError 429 when requesting https://blogger.googleapis.com/v3/blogs/6813733584028978733/posts?isDraft=false&alt=json returned "Resource has been exhausted (e.g. check quota).". Details: "[{'message': 'Resource has been exhausted (e.g. check quota).', 'domain': 'global', 'reason': 'rateLimitExceeded'}]">

[2026-05-29 00:09:29] ERROR publishing czech-republic-crypto-license-requirements: <HttpError 429 when requesting https://blogger.googleapis.com/v3/blogs/6813733584028978733/posts?isDraft=false&alt=json returned "Resource has been exhausted (e.g. check quota).". Details: "[{'message': 'Resource has been exhausted (e.g. check quota).', 'domain': 'global', 'reason': 'rateLimitExceeded'}]">
[2026-05-29 00:09:29] Traceback (most recent call last):
  File "/Users/master/panama-crypto-license/scripts/consulting24_blog.py", line 1682, in main
    resp = insert_post(blogger, blog_id, topic, args.dry_run)
  File "/Users/master/panama-crypto-license/scripts/consulting24_blog.py", line 1577, in insert_post
    resp = blogger.posts().insert(blogId=blog_id, body=body, isDraft=False).execute()
  File "/Users/master/Library/Python/3.9/lib/python/site-packages/googleapiclient/_helpers.py", line 130, in positional_wrapper
    return wrapped(*args, **kwargs)
  File "/Users/master/Library/Python/3.9/lib/python/site-packages/googleapiclient/http.py", line 938, in execute
    raise HttpError(resp, content, uri=self.uri)
googleapiclient.errors.HttpError: <HttpError 429 when requesting https://blogger.googleapis.com/v3/blogs/6813733584028978733/posts?isDraft=false&alt=json returned "Resource has been exhausted (e.g. check quota).". Details: "[{'message': 'Resource has been exhausted (e.g. check quota).', 'domain': 'global', 'reason': 'rateLimitExceeded'}]">

[2026-05-29 00:09:29] ERROR publishing czech-republic-vs-panama-crypto-license: <HttpError 429 when requesting https://blogger.googleapis.com/v3/blogs/6813733584028978733/posts?isDraft=false&alt=json returned "Resource has been exhausted (e.g. check quota).". Details: "[{'message': 'Resource has been exhausted (e.g. check quota).', 'domain': 'global', 'reason': 'rateLimitExceeded'}]">
[2026-05-29 00:09:29] Traceback (most recent call last):
  File "/Users/master/panama-crypto-license/scripts/consulting24_blog.py", line 1682, in main
    resp = insert_post(blogger, blog_id, topic, args.dry_run)
  File "/Users/master/panama-crypto-license/scripts/consulting24_blog.py", line 1577, in insert_post
    resp = blogger.posts().insert(blogId=blog_id, body=body, isDraft=False).execute()
  File "/Users/master/Library/Python/3.9/lib/python/site-packages/googleapiclient/_helpers.py", line 130, in positional_wrapper
    return wrapped(*args, **kwargs)
  File "/Users/master/Library/Python/3.9/lib/python/site-packages/googleapiclient/http.py", line 938, in execute
    raise HttpError(resp, content, uri=self.uri)
googleapiclient.errors.HttpError: <HttpError 429 when requesting https://blogger.googleapis.com/v3/blogs/6813733584028978733/posts?isDraft=false&alt=json returned "Resource has been exhausted (e.g. check quota).". Details: "[{'message': 'Resource has been exhausted (e.g. check quota).', 'domain': 'global', 'reason': 'rateLimitExceeded'}]">

[2026-05-29 00:09:30] ERROR publishing poland-crypto-license-2026-guide: <HttpError 429 when requesting https://blogger.googleapis.com/v3/blogs/6813733584028978733/posts?isDraft=false&alt=json returned "Resource has been exhausted (e.g. check quota).". Details: "[{'message': 'Resource has been exhausted (e.g. check quota).', 'domain': 'global', 'reason': 'rateLimitExceeded'}]">
[2026-05-29 00:09:30] Traceback (most recent call last):
  File "/Users/master/panama-crypto-license/scripts/consulting24_blog.py", line 1682, in main
    resp = insert_post(blogger, blog_id, topic, args.dry_run)
  File "/Users/master/panama-crypto-license/scripts/consulting24_blog.py", line 1577, in insert_post
    resp = blogger.posts().insert(blogId=blog_id, body=body, isDraft=False).execute()
  File "/Users/master/Library/Python/3.9/lib/python/site-packages/googleapiclient/_helpers.py", line 130, in positional_wrapper
    return wrapped(*args, **kwargs)
  File "/Users/master/Library/Python/3.9/lib/python/site-packages/googleapiclient/http.py", line 938, in execute
    raise HttpError(resp, content, uri=self.uri)
googleapiclient.errors.HttpError: <HttpError 429 when requesting https://blogger.googleapis.com/v3/blogs/6813733584028978733/posts?isDraft=false&alt=json returned "Resource has been exhausted (e.g. check quota).". Details: "[{'message': 'Resource has been exhausted (e.g. check quota).', 'domain': 'global', 'reason': 'rateLimitExceeded'}]">

[2026-05-29 00:09:30] ERROR publishing poland-crypto-license-cost: <HttpError 429 when requesting https://blogger.googleapis.com/v3/blogs/6813733584028978733/posts?isDraft=false&alt=json returned "Resource has been exhausted (e.g. check quota).". Details: "[{'message': 'Resource has been exhausted (e.g. check quota).', 'domain': 'global', 'reason': 'rateLimitExceeded'}]">
[2026-05-29 00:09:30] Traceback (most recent call last):
  File "/Users/master/panama-crypto-license/scripts/consulting24_blog.py", line 1682, in main
    resp = insert_post(blogger, blog_id, topic, args.dry_run)
  File "/Users/master/panama-crypto-license/scripts/consulting24_blog.py", line 1577, in insert_post
    resp = blogger.posts().insert(blogId=blog_id, body=body, isDraft=False).execute()
  File "/Users/master/Library/Python/3.9/lib/python/site-packages/googleapiclient/_helpers.py", line 130, in positional_wrapper
    return wrapped(*args, **kwargs)
  File "/Users/master/Library/Python/3.9/lib/python/site-packages/googleapiclient/http.py", line 938, in execute
    raise HttpError(resp, content, uri=self.uri)
googleapiclient.errors.HttpError: <HttpError 429 when requesting https://blogger.googleapis.com/v3/blogs/6813733584028978733/posts?isDraft=false&alt=json returned "Resource has been exhausted (e.g. check quota).". Details: "[{'message': 'Resource has been exhausted (e.g. check quota).', 'domain': 'global', 'reason': 'rateLimitExceeded'}]">

[2026-05-29 00:09:30] ERROR publishing poland-crypto-license-requirements: <HttpError 429 when requesting https://blogger.googleapis.com/v3/blogs/6813733584028978733/posts?isDraft=false&alt=json returned "Resource has been exhausted (e.g. check quota).". Details: "[{'message': 'Resource has been exhausted (e.g. check quota).', 'domain': 'global', 'reason': 'rateLimitExceeded'}]">
[2026-05-29 00:09:30] Traceback (most recent call last):
  File "/Users/master/panama-crypto-license/scripts/consulting24_blog.py", line 1682, in main
    resp = insert_post(blogger, blog_id, topic, args.dry_run)
  File "/Users/master/panama-crypto-license/scripts/consulting24_blog.py", line 1577, in insert_post
    resp = blogger.posts().insert(blogId=blog_id, body=body, isDraft=False).execute()
  File "/Users/master/Library/Python/3.9/lib/python/site-packages/googleapiclient/_helpers.py", line 130, in positional_wrapper
    return wrapped(*args, **kwargs)
  File "/Users/master/Library/Python/3.9/lib/python/site-packages/googleapiclient/http.py", line 938, in execute
    raise HttpError(resp, content, uri=self.uri)
googleapiclient.errors.HttpError: <HttpError 429 when requesting https://blogger.googleapis.com/v3/blogs/6813733584028978733/posts?isDraft=false&alt=json returned "Resource has been exhausted (e.g. check quota).". Details: "[{'message': 'Resource has been exhausted (e.g. check quota).', 'domain': 'global', 'reason': 'rateLimitExceeded'}]">

[2026-05-29 00:09:31] ERROR publishing poland-vs-panama-crypto-license: <HttpError 429 when requesting https://blogger.googleapis.com/v3/blogs/6813733584028978733/posts?isDraft=false&alt=json returned "Resource has been exhausted (e.g. check quota).". Details: "[{'message': 'Resource has been exhausted (e.g. check quota).', 'domain': 'global', 'reason': 'rateLimitExceeded'}]">
[2026-05-29 00:09:31] Traceback (most recent call last):
  File "/Users/master/panama-crypto-license/scripts/consulting24_blog.py", line 1682, in main
    resp = insert_post(blogger, blog_id, topic, args.dry_run)
  File "/Users/master/panama-crypto-license/scripts/consulting24_blog.py", line 1577, in insert_post
    resp = blogger.posts().insert(blogId=blog_id, body=body, isDraft=False).execute()
  File "/Users/master/Library/Python/3.9/lib/python/site-packages/googleapiclient/_helpers.py", line 130, in positional_wrapper
    return wrapped(*args, **kwargs)
  File "/Users/master/Library/Python/3.9/lib/python/site-packages/googleapiclient/http.py", line 938, in execute
    raise HttpError(resp, content, uri=self.uri)
googleapiclient.errors.HttpError: <HttpError 429 when requesting https://blogger.googleapis.com/v3/blogs/6813733584028978733/posts?isDraft=false&alt=json returned "Resource has been exhausted (e.g. check quota).". Details: "[{'message': 'Resource has been exhausted (e.g. check quota).', 'domain': 'global', 'reason': 'rateLimitExceeded'}]">

[2026-05-29 00:09:31] ERROR publishing georgia-crypto-license-2026-guide: <HttpError 429 when requesting https://blogger.googleapis.com/v3/blogs/6813733584028978733/posts?isDraft=false&alt=json returned "Resource has been exhausted (e.g. check quota).". Details: "[{'message': 'Resource has been exhausted (e.g. check quota).', 'domain': 'global', 'reason': 'rateLimitExceeded'}]">
[2026-05-29 00:09:31] Traceback (most recent call last):
  File "/Users/master/panama-crypto-license/scripts/consulting24_blog.py", line 1682, in main
    resp = insert_post(blogger, blog_id, topic, args.dry_run)
  File "/Users/master/panama-crypto-license/scripts/consulting24_blog.py", line 1577, in insert_post
    resp = blogger.posts().insert(blogId=blog_id, body=body, isDraft=False).execute()
  File "/Users/master/Library/Python/3.9/lib/python/site-packages/googleapiclient/_helpers.py", line 130, in positional_wrapper
    return wrapped(*args, **kwargs)
  File "/Users/master/Library/Python/3.9/lib/python/site-packages/googleapiclient/http.py", line 938, in execute
    raise HttpError(resp, content, uri=self.uri)
googleapiclient.errors.HttpError: <HttpError 429 when requesting https://blogger.googleapis.com/v3/blogs/6813733584028978733/posts?isDraft=false&alt=json returned "Resource has been exhausted (e.g. check quota).". Details: "[{'message': 'Resource has been exhausted (e.g. check quota).', 'domain': 'global', 'reason': 'rateLimitExceeded'}]">

[2026-05-29 00:09:31] ERROR publishing georgia-crypto-license-cost: <HttpError 429 when requesting https://blogger.googleapis.com/v3/blogs/6813733584028978733/posts?isDraft=false&alt=json returned "Resource has been exhausted (e.g. check quota).". Details: "[{'message': 'Resource has been exhausted (e.g. check quota).', 'domain': 'global', 'reason': 'rateLimitExceeded'}]">
[2026-05-29 00:09:31] Traceback (most recent call last):
  File "/Users/master/panama-crypto-license/scripts/consulting24_blog.py", line 1682, in main
    resp = insert_post(blogger, blog_id, topic, args.dry_run)
  File "/Users/master/panama-crypto-license/scripts/consulting24_blog.py", line 1577, in insert_post
    resp = blogger.posts().insert(blogId=blog_id, body=body, isDraft=False).execute()
  File "/Users/master/Library/Python/3.9/lib/python/site-packages/googleapiclient/_helpers.py", line 130, in positional_wrapper
    return wrapped(*args, **kwargs)
  File "/Users/master/Library/Python/3.9/lib/python/site-packages/googleapiclient/http.py", line 938, in execute
    raise HttpError(resp, content, uri=self.uri)
googleapiclient.errors.HttpError: <HttpError 429 when requesting https://blogger.googleapis.com/v3/blogs/6813733584028978733/posts?isDraft=false&alt=json returned "Resource has been exhausted (e.g. check quota).". Details: "[{'message': 'Resource has been exhausted (e.g. check quota).', 'domain': 'global', 'reason': 'rateLimitExceeded'}]">

[2026-05-29 00:09:32] ERROR publishing georgia-crypto-license-requirements: <HttpError 429 when requesting https://blogger.googleapis.com/v3/blogs/6813733584028978733/posts?isDraft=false&alt=json returned "Resource has been exhausted (e.g. check quota).". Details: "[{'message': 'Resource has been exhausted (e.g. check quota).', 'domain': 'global', 'reason': 'rateLimitExceeded'}]">
[2026-05-29 00:09:32] Traceback (most recent call last):
  File "/Users/master/panama-crypto-license/scripts/consulting24_blog.py", line 1682, in main
    resp = insert_post(blogger, blog_id, topic, args.dry_run)
  File "/Users/master/panama-crypto-license/scripts/consulting24_blog.py", line 1577, in insert_post
    resp = blogger.posts().insert(blogId=blog_id, body=body, isDraft=False).execute()
  File "/Users/master/Library/Python/3.9/lib/python/site-packages/googleapiclient/_helpers.py", line 130, in positional_wrapper
    return wrapped(*args, **kwargs)
  File "/Users/master/Library/Python/3.9/lib/python/site-packages/googleapiclient/http.py", line 938, in execute
    raise HttpError(resp, content, uri=self.uri)
googleapiclient.errors.HttpError: <HttpError 429 when requesting https://blogger.googleapis.com/v3/blogs/6813733584028978733/posts?isDraft=false&alt=json returned "Resource has been exhausted (e.g. check quota).". Details: "[{'message': 'Resource has been exhausted (e.g. check quota).', 'domain': 'global', 'reason': 'rateLimitExceeded'}]">

[2026-05-29 00:11:04] Connected to blog: Crypto License Guide 2026 — Panama, Lithuania, Dubai &amp; More | Consulting24 (https://blog.consulting24.co/)
[2026-05-29 00:11:05] Published: BVI Crypto License 2026: Cost, Requirements and Timeline → https://blog.consulting24.co/2026/05/bvi-crypto-license-2026-cost.html
[2026-05-29 00:11:31] Published: How Much Does a BVI Crypto License Cost in 2026? → https://blog.consulting24.co/2026/05/how-much-does-bvi-crypto-license-cost.html
[2026-05-29 00:11:57] Published: BVI Crypto License Requirements: 2026 Checklist → https://blog.consulting24.co/2026/05/bvi-crypto-license-requirements-2026.html
[2026-05-29 00:12:22] Published: BVI vs Panama for a Crypto License: Which Should You Choose? → https://blog.consulting24.co/2026/05/bvi-vs-panama-for-crypto-license-which.html
[2026-05-29 00:12:48] Published: Estonia Crypto License 2026: Cost, Requirements and Timeline → https://blog.consulting24.co/2026/05/estonia-crypto-license-2026-cost.html
[2026-05-29 00:13:14] Published: How Much Does a Estonia Crypto License Cost in 2026? → https://blog.consulting24.co/2026/05/how-much-does-estonia-crypto-license.html
[2026-05-29 00:13:40] Published: Estonia Crypto License Requirements: 2026 Checklist → https://blog.consulting24.co/2026/05/estonia-crypto-license-requirements.html
[2026-05-29 00:14:06] Published: Estonia vs Panama for a Crypto License: Which Should You Choose? → https://blog.consulting24.co/2026/05/estonia-vs-panama-for-crypto-license.html
[2026-05-29 00:14:32] Published: El Salvador Crypto License 2026: Cost, Requirements and Timeline → https://blog.consulting24.co/2026/05/el-salvador-crypto-license-2026-cost.html
[2026-05-29 00:14:58] Published: How Much Does a El Salvador Crypto License Cost in 2026? → https://blog.consulting24.co/2026/05/how-much-does-el-salvador-crypto.html
[2026-05-29 00:15:24] Published: El Salvador Crypto License Requirements: 2026 Checklist → https://blog.consulting24.co/2026/05/el-salvador-crypto-license-requirements.html
[2026-05-29 00:15:50] Published: El Salvador vs Panama for a Crypto License: Which Should You Choose? → https://blog.consulting24.co/2026/05/el-salvador-vs-panama-for-crypto.html
[2026-05-29 00:16:16] Published: Switzerland Crypto License 2026: Cost, Requirements and Timeline → https://blog.consulting24.co/2026/05/switzerland-crypto-license-2026-cost.html
[2026-05-29 00:16:22] Connected to blog: Crypto License Guide 2026 — Panama, Lithuania, Dubai &amp; More | Consulting24 (https://blog.consulting24.co/)
[2026-05-29 00:16:22] [dry-run] would publish PAGE 'Crypto License in Lithuania (MiCA CASP): Cost, Capital & Timeline 2026' (31505 chars)
[2026-05-29 00:16:42] Published: How Much Does a Switzerland Crypto License Cost in 2026? → https://blog.consulting24.co/2026/05/how-much-does-switzerland-crypto.html
[2026-05-29 00:17:07] Published: Switzerland Crypto License Requirements: 2026 Checklist → https://blog.consulting24.co/2026/05/switzerland-crypto-license-requirements.html
[2026-05-29 00:17:33] Published: Switzerland vs Panama for a Crypto License: Which Should You Choose? → https://blog.consulting24.co/2026/05/switzerland-vs-panama-for-crypto.html
[2026-05-29 00:17:59] Published: Malta Crypto License 2026: Cost, Requirements and Timeline → https://blog.consulting24.co/2026/05/malta-crypto-license-2026-cost.html
[2026-05-29 00:18:25] Published: How Much Does a Malta Crypto License Cost in 2026? → https://blog.consulting24.co/2026/05/how-much-does-malta-crypto-license-cost.html
[2026-05-29 00:18:51] Published: Malta Crypto License Requirements: 2026 Checklist → https://blog.consulting24.co/2026/05/malta-crypto-license-requirements-2026.html
[2026-05-29 00:19:17] Published: Malta vs Panama for a Crypto License: Which Should You Choose? → https://blog.consulting24.co/2026/05/malta-vs-panama-for-crypto-license.html
[2026-05-29 00:19:43] Published: Cayman Islands Crypto License 2026: Cost, Requirements and Timeline → https://blog.consulting24.co/2026/05/cayman-islands-crypto-license-2026-cost.html
[2026-05-29 00:20:08] Published: How Much Does a Cayman Islands Crypto License Cost in 2026? → https://blog.consulting24.co/2026/05/how-much-does-cayman-islands-crypto.html
[2026-05-29 00:20:34] Published: Cayman Islands Crypto License Requirements: 2026 Checklist → https://blog.consulting24.co/2026/05/cayman-islands-crypto-license.html
[2026-05-29 00:21:00] Published: Cayman Islands vs Panama for a Crypto License: Which Should You Choose? → https://blog.consulting24.co/2026/05/cayman-islands-vs-panama-for-crypto.html
[2026-05-29 00:21:26] Published: Czech Republic Crypto License 2026: Cost, Requirements and Timeline → https://blog.consulting24.co/2026/05/czech-republic-crypto-license-2026-cost.html
[2026-05-29 00:21:52] Published: How Much Does a Czech Republic Crypto License Cost in 2026? → https://blog.consulting24.co/2026/05/how-much-does-czech-republic-crypto.html
[2026-05-29 00:22:18] Published: Czech Republic Crypto License Requirements: 2026 Checklist → https://blog.consulting24.co/2026/05/czech-republic-crypto-license.html
[2026-05-29 00:22:44] Published: Czech Republic vs Panama for a Crypto License: Which Should You Choose? → https://blog.consulting24.co/2026/05/czech-republic-vs-panama-for-crypto.html
[2026-05-29 00:23:09] Published: Poland Crypto License 2026: Cost, Requirements and Timeline → https://blog.consulting24.co/2026/05/poland-crypto-license-2026-cost.html
[2026-05-29 00:23:35] Published: How Much Does a Poland Crypto License Cost in 2026? → https://blog.consulting24.co/2026/05/how-much-does-poland-crypto-license.html
[2026-05-29 00:24:01] Published: Poland Crypto License Requirements: 2026 Checklist → https://blog.consulting24.co/2026/05/poland-crypto-license-requirements-2026.html
[2026-05-29 00:24:10] Connected to blog: Crypto License Guide 2026 — Panama, Lithuania, Dubai &amp; More | Consulting24 (https://blog.consulting24.co/)
[2026-05-29 00:24:10] [dry-run] would publish PAGE 'Crypto License in Lithuania (MiCA CASP): Cost, Capital & Timeline 2026' (36221 chars)
[2026-05-29 00:24:27] Published: Poland vs Panama for a Crypto License: Which Should You Choose? → https://blog.consulting24.co/2026/05/poland-vs-panama-for-crypto-license.html
[2026-05-29 00:24:53] Published: Georgia Crypto License 2026: Cost, Requirements and Timeline → https://blog.consulting24.co/2026/05/georgia-crypto-license-2026-cost.html
[2026-05-29 00:25:19] Published: How Much Does a Georgia Crypto License Cost in 2026? → https://blog.consulting24.co/2026/05/how-much-does-georgia-crypto-license.html
[2026-05-29 00:25:45] Published: Georgia Crypto License Requirements: 2026 Checklist → https://blog.consulting24.co/2026/05/georgia-crypto-license-requirements.html
[2026-05-29 00:26:11] Published: Georgia vs Panama for a Crypto License: Which Should You Choose? → https://blog.consulting24.co/2026/05/georgia-vs-panama-for-crypto-license.html
[2026-05-29 00:26:37] Published: Seychelles Crypto License 2026: Cost, Requirements and Timeline → https://blog.consulting24.co/2026/05/seychelles-crypto-license-2026-cost.html
[2026-05-29 00:27:03] Published: How Much Does a Seychelles Crypto License Cost in 2026? → https://blog.consulting24.co/2026/05/how-much-does-seychelles-crypto-license.html
[2026-05-29 00:27:29] Published: Seychelles Crypto License Requirements: 2026 Checklist → https://blog.consulting24.co/2026/05/seychelles-crypto-license-requirements.html
[2026-05-29 00:27:54] Published: Seychelles vs Panama for a Crypto License: Which Should You Choose? → https://blog.consulting24.co/2026/05/seychelles-vs-panama-for-crypto-license.html
[2026-05-29 00:28:41] Connected to blog: Crypto License Guide 2026 — Panama, Lithuania, Dubai &amp; More | Consulting24 (https://blog.consulting24.co/)
[2026-05-29 00:28:42] updated post [1]: Crypto License in Panama 2026: The Complete Setup Guide
[2026-05-29 00:29:08] updated post [2]: Panama vs Lithuania for a Crypto License: Which Should You Choose in 2026?
[2026-05-29 00:29:34] updated post [3]: How Much Does a Panama Crypto Company Cost in 2026? Full Breakdown
[2026-05-29 00:30:00] updated post [4]: Panama Crypto License Requirements: The 2026 Documentation Checklist
[2026-05-29 00:30:26] updated post [5]: Setting Up a Crypto Exchange in Panama: License, Structure and Banking
[2026-05-29 00:30:52] updated post [6]: Panama's Territorial Tax System: What It Means for a Crypto Business
[2026-05-29 00:31:18] updated post [7]: Panama Private Interest Foundation: The Crypto Treasury Structure Explained
[2026-05-29 00:31:44] updated post [8]: Banking a Panama Crypto Company in 2026: How to Get Approved
[2026-05-29 00:32:10] updated post [9]: Lithuania Crypto License 2026: Cost, Requirements and Timeline
[2026-05-29 00:32:36] updated post [10]: How Much Does a Lithuania Crypto License Cost in 2026?
[2026-05-29 00:33:02] updated post [11]: Lithuania Crypto License Requirements: 2026 Checklist
[2026-05-29 00:33:28] updated post [12]: Lithuania vs Panama for a Crypto License: Which Should You Choose?
[2026-05-29 00:33:54] updated post [13]: Dubai (VARA) Crypto License 2026: Cost, Requirements and Timeline
[2026-05-29 00:34:05] Connected to blog: Crypto License Guide 2026 — Panama, Lithuania, Dubai &amp; More | Consulting24 (https://blog.consulting24.co/)
[2026-05-29 00:34:06] updated post [1]: Crypto License in Panama 2026: The Complete Setup Guide
[2026-05-29 00:34:32] ERROR updating post panama-vs-lithuania-crypto-license: <HttpError 400 when requesting https://blogger.googleapis.com/v3/blogs/6813733584028978733/posts/6245040502270066926?alt=json returned "Request contains an invalid argument.". Details: "[{'message': 'Request contains an invalid argument.', 'domain': 'global', 'reason': 'badRequest'}]">
[2026-05-29 00:34:58] updated post [2]: How Much Does a Panama Crypto Company Cost in 2026? Full Breakdown
[2026-05-29 00:35:23] ERROR updating post panama-crypto-license-requirements-checklist: <HttpError 400 when requesting https://blogger.googleapis.com/v3/blogs/6813733584028978733/posts/5238975167914858061?alt=json returned "Request contains an invalid argument.". Details: "[{'message': 'Request contains an invalid argument.', 'domain': 'global', 'reason': 'badRequest'}]">
[2026-05-29 00:35:49] updated post [3]: Setting Up a Crypto Exchange in Panama: License, Structure and Banking
[2026-05-29 00:36:15] updated post [4]: Panama's Territorial Tax System: What It Means for a Crypto Business
[2026-05-29 00:36:41] ERROR updating post panama-private-interest-foundation-crypto-treasury: <HttpError 400 when requesting https://blogger.googleapis.com/v3/blogs/6813733584028978733/posts/6834054897998266982?alt=json returned "Request contains an invalid argument.". Details: "[{'message': 'Request contains an invalid argument.', 'domain': 'global', 'reason': 'badRequest'}]">
[2026-05-29 00:37:07] updated post [5]: Banking a Panama Crypto Company in 2026: How to Get Approved
[2026-05-29 00:37:44] Connected to blog: Crypto License Guide 2026 — Panama, Lithuania, Dubai &amp; More | Consulting24 (https://blog.consulting24.co/)
[2026-05-29 00:37:45] updated post [1]: Crypto License in Panama 2026: The Complete Setup Guide
[2026-05-29 00:38:28] ERROR updating post panama-vs-lithuania-crypto-license: [Errno 65] No route to host
[2026-05-29 00:38:54] updated post [2]: How Much Does a Panama Crypto Company Cost in 2026? Full Breakdown
[2026-05-29 00:39:20] updated post [3]: Panama Crypto License Requirements: The 2026 Documentation Checklist
[2026-05-29 00:39:46] updated post [4]: Setting Up a Crypto Exchange in Panama: License, Structure and Banking
[2026-05-29 00:40:12] updated post [5]: Panama's Territorial Tax System: What It Means for a Crypto Business
[2026-05-29 00:40:38] updated post [6]: Panama Private Interest Foundation: The Crypto Treasury Structure Explained
[2026-05-29 00:41:04] updated post [7]: Banking a Panama Crypto Company in 2026: How to Get Approved
[2026-05-29 00:41:30] updated post [8]: Lithuania Crypto License 2026: Cost, Requirements and Timeline
[2026-05-29 00:41:56] updated post [9]: How Much Does a Lithuania Crypto License Cost in 2026?
[2026-05-29 00:42:22] updated post [10]: Lithuania Crypto License Requirements: 2026 Checklist
[2026-05-29 00:42:48] updated post [11]: Lithuania vs Panama for a Crypto License: Which Should You Choose?
[2026-05-29 00:43:14] updated post [12]: Dubai (VARA) Crypto License 2026: Cost, Requirements and Timeline
[2026-05-29 00:43:40] updated post [13]: How Much Does a Dubai (VARA) Crypto License Cost in 2026?
[2026-05-29 00:44:06] updated post [14]: Dubai (VARA) Crypto License Requirements: 2026 Checklist
[2026-05-29 00:44:32] updated post [15]: Dubai (VARA) vs Panama for a Crypto License: Which Should You Choose?
[2026-05-29 00:44:58] updated post [16]: Canada (MSB) Crypto License 2026: Cost, Requirements and Timeline
[2026-05-29 00:45:24] updated post [17]: How Much Does a Canada (MSB) Crypto License Cost in 2026?
[2026-05-29 00:45:50] updated post [18]: Canada (MSB) Crypto License Requirements: 2026 Checklist
[2026-05-29 00:46:16] updated post [19]: Canada (MSB) vs Panama for a Crypto License: Which Should You Choose?
[2026-05-29 00:46:42] updated post [20]: BVI Crypto License 2026: Cost, Requirements and Timeline
[2026-05-29 00:47:08] updated post [21]: How Much Does a BVI Crypto License Cost in 2026?
[2026-05-29 00:47:35] updated post [22]: BVI Crypto License Requirements: 2026 Checklist
[2026-05-29 00:48:01] updated post [23]: BVI vs Panama for a Crypto License: Which Should You Choose?
[2026-05-29 00:48:27] updated post [24]: Estonia Crypto License 2026: Cost, Requirements and Timeline
[2026-05-29 00:48:53] updated post [25]: How Much Does a Estonia Crypto License Cost in 2026?
[2026-05-29 00:49:19] updated post [26]: Estonia Crypto License Requirements: 2026 Checklist
[2026-05-29 00:49:45] updated post [27]: Estonia vs Panama for a Crypto License: Which Should You Choose?
[2026-05-29 00:50:11] updated post [28]: El Salvador Crypto License 2026: Cost, Requirements and Timeline
[2026-05-29 00:50:37] updated post [29]: How Much Does a El Salvador Crypto License Cost in 2026?
[2026-05-29 00:51:03] updated post [30]: El Salvador Crypto License Requirements: 2026 Checklist
[2026-05-29 00:51:29] updated post [31]: El Salvador vs Panama for a Crypto License: Which Should You Choose?
[2026-05-29 00:51:55] updated post [32]: Switzerland Crypto License 2026: Cost, Requirements and Timeline
[2026-05-29 00:52:21] updated post [33]: How Much Does a Switzerland Crypto License Cost in 2026?
[2026-05-29 00:52:47] updated post [34]: Switzerland Crypto License Requirements: 2026 Checklist
[2026-05-29 00:53:13] updated post [35]: Switzerland vs Panama for a Crypto License: Which Should You Choose?
[2026-05-29 00:53:39] updated post [36]: Malta Crypto License 2026: Cost, Requirements and Timeline
[2026-05-29 00:54:06] updated post [37]: How Much Does a Malta Crypto License Cost in 2026?
[2026-05-29 00:54:32] updated post [38]: Malta Crypto License Requirements: 2026 Checklist
[2026-05-29 10:07:10] Connected to blog: Crypto License Guide 2026 — Panama, Lithuania, Dubai &amp; More | Consulting24 (https://blog.consulting24.co/)
[2026-05-29 10:07:11] Published PAGE: Crypto License in Lithuania (MiCA CASP): Cost, Capital & Timeline 2026 → https://blog.consulting24.co/p/crypto-license-in-lithuania-mica-casp.html
[2026-05-29 10:07:36] Published PAGE: Crypto License in Estonia under MiCA: 2026 Setup Guide → https://blog.consulting24.co/p/crypto-license-in-estonia-under-mica.html
[2026-05-29 10:08:02] Published PAGE: Crypto License in Dubai (VARA): How It Compares to Panama → https://blog.consulting24.co/p/crypto-license-in-dubai-vara-how-it.html
[2026-05-29 10:08:29] Published PAGE: Canada MSB Crypto License (FINTRAC): 2026 Guide → https://blog.consulting24.co/p/canada-msb-crypto-license-fintrac-2026.html
[2026-05-29 10:08:55] Published PAGE: Crypto License in Cyprus (MiCA CASP): 2026 Guide → https://blog.consulting24.co/p/crypto-license-in-cyprus-mica-casp-2026.html
[2026-05-29 10:09:21] Published PAGE: Crypto License in Malta (MiCA CASP): 2026 Guide → https://blog.consulting24.co/p/crypto-license-in-malta-mica-casp-2026.html
[2026-05-29 10:09:47] Published PAGE: Crypto License in Switzerland (FINMA, VQF): 2026 Guide → https://blog.consulting24.co/p/crypto-license-in-switzerland-finma-vqf.html
[2026-05-29 10:10:13] Published PAGE: Crypto License in the Czech Republic (MiCA): 2026 Guide → https://blog.consulting24.co/p/crypto-license-in-czech-republic-mica.html
[2026-05-29 10:10:39] Published PAGE: Crypto License in Poland (MiCA CASP): 2026 Guide → https://blog.consulting24.co/p/crypto-license-in-poland-mica-casp-2026.html
[2026-05-29 10:11:05] Published PAGE: BVI Crypto License (VASP Act 2022): 2026 Guide → https://blog.consulting24.co/p/bvi-crypto-license-vasp-act-2022-2026.html
[2026-05-29 10:11:31] Published PAGE: Cayman Islands Crypto License (VASP Act): 2026 Guide → https://blog.consulting24.co/p/cayman-islands-crypto-license-vasp-act.html
[2026-05-29 10:11:56] Published PAGE: Seychelles Crypto License (VASP Act 2024): 2026 Guide → https://blog.consulting24.co/p/seychelles-crypto-license-vasp-act-2024.html
[2026-05-29 10:12:22] Published PAGE: Crypto License in Georgia (VASP): 2026 Guide → https://blog.consulting24.co/p/crypto-license-in-georgia-vasp-2026.html
[2026-05-29 10:12:48] Published PAGE: Crypto License in Mauritius (VAITOS Act): 2026 Guide → https://blog.consulting24.co/p/crypto-license-in-mauritius-vaitos-act.html
[2026-05-29 10:13:14] Published PAGE: Bahamas Crypto License (DARE Act 2024): 2026 Guide → https://blog.consulting24.co/p/bahamas-crypto-license-dare-act-2024.html
[2026-05-29 10:13:41] Published PAGE: El Salvador Crypto License (DASP/BSP): 2026 Guide → https://blog.consulting24.co/p/el-salvador-crypto-license-daspbsp-2026.html
[2026-05-29 10:14:07] Published PAGE: Crypto in Costa Rica vs Panama: 2026 Guide → https://blog.consulting24.co/p/crypto-in-costa-rica-vs-panama-2026.html
[2026-05-29 10:14:32] Published PAGE: Crypto License in Singapore (MAS PSA): 2026 Guide → https://blog.consulting24.co/p/crypto-license-in-singapore-mas-psa.html
[2026-05-29 10:14:58] Published PAGE: Crypto License in Hong Kong (SFC VATP): 2026 Guide → https://blog.consulting24.co/p/crypto-license-in-hong-kong-sfc-vatp.html
[2026-05-29 10:15:24] Published PAGE: Crypto License in Abu Dhabi (ADGM FSRA): How It Compares to Panama → https://blog.consulting24.co/p/crypto-license-in-abu-dhabi-adgm-fsra.html
[2026-05-29 10:15:50] Published PAGE: MiCA License Explained: CASP Authorisation in the EU (2026) → https://blog.consulting24.co/p/mica-license-explained-casp.html
[2026-05-29 10:16:16] Published PAGE: VASP License Explained: Where and How to Register (2026) → https://blog.consulting24.co/p/vasp-license-explained-where-and-how-to.html
[2026-05-29 10:16:42] Published PAGE: CASP License Under MiCA: Requirements and Cost (2026) → https://blog.consulting24.co/p/casp-license-under-mica-requirements.html
[2026-05-29 10:17:08] Published PAGE: MSB License Explained: Canada FINTRAC and US FinCEN (2026) → https://blog.consulting24.co/p/msb-license-explained-canada-fintrac.html
[2026-05-29 10:17:34] Published PAGE: VARA License in Dubai: How It Compares to Panama (2026) → https://blog.consulting24.co/p/vara-license-in-dubai-how-it-compares.html
[2026-05-29 10:18:00] Published PAGE: Stablecoin License: MiCA EMT/ART Rules and Alternatives (2026) → https://blog.consulting24.co/p/stablecoin-license-mica-emtart-rules.html
[2026-05-29 10:18:25] Published PAGE: Cheapest Crypto License Options in 2026 (Honest Comparison) → https://blog.consulting24.co/p/cheapest-crypto-license-options-in-2026.html
[2026-05-29 10:18:51] Published PAGE: Fastest Crypto License Routes in 2026 → https://blog.consulting24.co/p/fastest-crypto-license-routes-in-2026.html
[2026-05-29 10:19:17] Published PAGE: Easiest Crypto License to Get in 2026 → https://blog.consulting24.co/p/easiest-crypto-license-to-get-in-2026.html
[2026-05-29 10:19:43] Published PAGE: Ready-Made Crypto License Companies: What to Know in 2026 → https://blog.consulting24.co/p/ready-made-crypto-license-companies.html
[2026-05-29 10:20:09] Published PAGE: Crypto License Requirements: Documents and Compliance (2026) → https://blog.consulting24.co/p/crypto-license-requirements-documents.html
[2026-05-29 10:20:35] Published PAGE: Crypto Company Setup: Structure, Banking and Tax (2026) → https://blog.consulting24.co/p/crypto-company-setup-structure-banking.html
[2026-05-29 10:21:01] Published PAGE: Best Country for a Crypto License in 2026 (by Use Case) → https://blog.consulting24.co/p/best-country-for-crypto-license-in-2026_040475451.html
[2026-05-29 10:21:27] Published PAGE: Estonia vs Lithuania for a Crypto License (MiCA) in 2026 → https://blog.consulting24.co/p/estonia-vs-lithuania-for-crypto-license.html
[2026-05-29 10:21:53] Published PAGE: Panama vs Dubai for a Crypto License in 2026 → https://blog.consulting24.co/p/panama-vs-dubai-for-crypto-license-in.html
[2026-05-29 10:21:54] Connected to blog: Crypto License Guide 2026 — Panama, Lithuania, Dubai &amp; More | Consulting24 (https://blog.consulting24.co/)
[2026-05-29 10:21:55] updated post [1]: Panama vs Lithuania for a Crypto License: Which Should You Choose in 2026?
[2026-05-29 10:22:21] updated post [2]: Malta vs Panama for a Crypto License: Which Should You Choose?
[2026-05-29 10:22:47] updated post [3]: Cayman Islands Crypto License 2026: Cost, Requirements and Timeline
[2026-05-29 10:23:13] updated post [4]: How Much Does a Cayman Islands Crypto License Cost in 2026?
[2026-05-29 10:23:39] updated post [5]: Cayman Islands Crypto License Requirements: 2026 Checklist
[2026-05-29 10:24:06] updated post [6]: Cayman Islands vs Panama for a Crypto License: Which Should You Choose?
[2026-05-29 10:24:32] updated post [7]: Czech Republic Crypto License 2026: Cost, Requirements and Timeline
[2026-05-29 10:24:58] updated post [8]: How Much Does a Czech Republic Crypto License Cost in 2026?
[2026-05-29 10:25:24] updated post [9]: Czech Republic Crypto License Requirements: 2026 Checklist
[2026-05-29 10:25:50] updated post [10]: Czech Republic vs Panama for a Crypto License: Which Should You Choose?
[2026-05-29 10:26:16] updated post [11]: Poland Crypto License 2026: Cost, Requirements and Timeline
[2026-05-29 10:26:42] updated post [12]: How Much Does a Poland Crypto License Cost in 2026?
[2026-05-29 10:27:08] updated post [13]: Poland Crypto License Requirements: 2026 Checklist
[2026-05-29 10:27:34] updated post [14]: Poland vs Panama for a Crypto License: Which Should You Choose?
[2026-05-29 10:28:00] updated post [15]: Georgia Crypto License 2026: Cost, Requirements and Timeline
[2026-05-29 10:28:27] updated post [16]: How Much Does a Georgia Crypto License Cost in 2026?
[2026-05-29 10:28:53] updated post [17]: Georgia Crypto License Requirements: 2026 Checklist
[2026-05-29 10:29:19] updated post [18]: Georgia vs Panama for a Crypto License: Which Should You Choose?
[2026-05-29 10:29:45] updated post [19]: Seychelles Crypto License 2026: Cost, Requirements and Timeline
[2026-05-29 10:30:11] updated post [20]: How Much Does a Seychelles Crypto License Cost in 2026?
[2026-05-29 10:30:37] updated post [21]: Seychelles Crypto License Requirements: 2026 Checklist
[2026-05-29 10:31:03] updated post [22]: Seychelles vs Panama for a Crypto License: Which Should You Choose?
[2026-05-29 10:31:29] updated page [23]: Crypto License in Panama: Cost, Requirements & Setup (2026)
[2026-05-29 10:31:55] updated page [24]: Crypto Exchange License: How and Where to Get One in 2026
[2026-05-29 10:32:22] updated page [25]: Crypto License Cost by Jurisdiction: 2026 Comparison
[2026-05-29 10:32:48] updated page [26]: Best Country for a Crypto License in 2026: Jurisdiction Guide
[2026-05-29 10:33:14] updated page [27]: How to Get a Crypto License: Step-by-Step Guide (2026)
[2026-05-29 10:33:40] updated page [28]: Crypto License in Lithuania (MiCA CASP): Cost, Capital & Timeline 2026
[2026-05-29 10:34:06] updated page [29]: Crypto License in Estonia under MiCA: 2026 Setup Guide
[2026-05-29 10:34:32] updated page [30]: Crypto License in Dubai (VARA): How It Compares to Panama
[2026-05-29 10:34:58] updated page [31]: Canada MSB Crypto License (FINTRAC): 2026 Guide
[2026-05-29 10:35:24] updated page [32]: Crypto License in Cyprus (MiCA CASP): 2026 Guide
[2026-05-29 10:35:50] updated page [33]: Crypto License in Malta (MiCA CASP): 2026 Guide
[2026-05-29 10:36:16] updated page [34]: Crypto License in Switzerland (FINMA, VQF): 2026 Guide
[2026-05-29 10:36:42] updated page [35]: Crypto License in the Czech Republic (MiCA): 2026 Guide
